[2025-04-03T18:20:59.823+0000] {processor.py:161} INFO - Started process (PID=39) to work on /opt/airflow/dags/daily_remotive_ingest.py
[2025-04-03T18:20:59.825+0000] {processor.py:830} INFO - Processing file /opt/airflow/dags/daily_remotive_ingest.py for tasks to queue
[2025-04-03T18:20:59.831+0000] {logging_mixin.py:188} INFO - [2025-04-03T18:20:59.830+0000] {dagbag.py:538} INFO - Filling up the DagBag from /opt/airflow/dags/daily_remotive_ingest.py
[2025-04-03T18:20:59.891+0000] {processor.py:840} INFO - DAG(s) 'daily_remotive_ingest' retrieved from /opt/airflow/dags/daily_remotive_ingest.py
[2025-04-03T18:21:00.145+0000] {logging_mixin.py:188} INFO - [2025-04-03T18:21:00.145+0000] {override.py:1769} INFO - Created Permission View: can read on DAG:daily_remotive_ingest
[2025-04-03T18:21:00.151+0000] {logging_mixin.py:188} INFO - [2025-04-03T18:21:00.151+0000] {override.py:1769} INFO - Created Permission View: can edit on DAG:daily_remotive_ingest
[2025-04-03T18:21:00.156+0000] {logging_mixin.py:188} INFO - [2025-04-03T18:21:00.156+0000] {override.py:1769} INFO - Created Permission View: can delete on DAG:daily_remotive_ingest
[2025-04-03T18:21:00.156+0000] {logging_mixin.py:188} INFO - [2025-04-03T18:21:00.156+0000] {dag.py:3033} INFO - Sync 1 DAGs
[2025-04-03T18:21:00.167+0000] {logging_mixin.py:188} INFO - [2025-04-03T18:21:00.167+0000] {dag.py:3055} INFO - Creating ORM DAG for daily_remotive_ingest
[2025-04-03T18:21:00.175+0000] {logging_mixin.py:188} INFO - [2025-04-03T18:21:00.174+0000] {dag.py:3820} INFO - Setting next_dagrun for daily_remotive_ingest to 2025-04-03T09:00:00+00:00, run_after=2025-04-04T09:00:00+00:00
[2025-04-03T18:21:00.208+0000] {processor.py:183} INFO - Processing /opt/airflow/dags/daily_remotive_ingest.py took 0.399 seconds
[2025-04-03T18:21:30.306+0000] {processor.py:161} INFO - Started process (PID=95) to work on /opt/airflow/dags/daily_remotive_ingest.py
[2025-04-03T18:21:30.310+0000] {processor.py:830} INFO - Processing file /opt/airflow/dags/daily_remotive_ingest.py for tasks to queue
[2025-04-03T18:21:30.315+0000] {logging_mixin.py:188} INFO - [2025-04-03T18:21:30.315+0000] {dagbag.py:538} INFO - Filling up the DagBag from /opt/airflow/dags/daily_remotive_ingest.py
[2025-04-03T18:21:30.351+0000] {processor.py:840} INFO - DAG(s) 'daily_remotive_ingest' retrieved from /opt/airflow/dags/daily_remotive_ingest.py
[2025-04-03T18:21:30.401+0000] {logging_mixin.py:188} INFO - [2025-04-03T18:21:30.401+0000] {dag.py:3033} INFO - Sync 1 DAGs
[2025-04-03T18:21:30.437+0000] {logging_mixin.py:188} INFO - [2025-04-03T18:21:30.437+0000] {dag.py:3820} INFO - Setting next_dagrun for daily_remotive_ingest to 2025-04-03T09:00:00+00:00, run_after=2025-04-04T09:00:00+00:00
[2025-04-03T18:21:30.470+0000] {processor.py:183} INFO - Processing /opt/airflow/dags/daily_remotive_ingest.py took 0.174 seconds
[2025-04-03T18:22:00.987+0000] {processor.py:161} INFO - Started process (PID=151) to work on /opt/airflow/dags/daily_remotive_ingest.py
[2025-04-03T18:22:01.001+0000] {processor.py:830} INFO - Processing file /opt/airflow/dags/daily_remotive_ingest.py for tasks to queue
[2025-04-03T18:22:01.041+0000] {logging_mixin.py:188} INFO - [2025-04-03T18:22:01.038+0000] {dagbag.py:538} INFO - Filling up the DagBag from /opt/airflow/dags/daily_remotive_ingest.py
[2025-04-03T18:22:01.161+0000] {processor.py:840} INFO - DAG(s) 'daily_remotive_ingest' retrieved from /opt/airflow/dags/daily_remotive_ingest.py
[2025-04-03T18:22:01.225+0000] {logging_mixin.py:188} INFO - [2025-04-03T18:22:01.224+0000] {dag.py:3033} INFO - Sync 1 DAGs
[2025-04-03T18:22:01.259+0000] {logging_mixin.py:188} INFO - [2025-04-03T18:22:01.259+0000] {dag.py:3820} INFO - Setting next_dagrun for daily_remotive_ingest to 2025-04-03T09:00:00+00:00, run_after=2025-04-04T09:00:00+00:00
[2025-04-03T18:22:01.284+0000] {processor.py:183} INFO - Processing /opt/airflow/dags/daily_remotive_ingest.py took 0.341 seconds
[2025-04-03T18:22:31.912+0000] {processor.py:161} INFO - Started process (PID=213) to work on /opt/airflow/dags/daily_remotive_ingest.py
[2025-04-03T18:22:31.918+0000] {processor.py:830} INFO - Processing file /opt/airflow/dags/daily_remotive_ingest.py for tasks to queue
[2025-04-03T18:22:31.924+0000] {logging_mixin.py:188} INFO - [2025-04-03T18:22:31.924+0000] {dagbag.py:538} INFO - Filling up the DagBag from /opt/airflow/dags/daily_remotive_ingest.py
[2025-04-03T18:22:31.936+0000] {processor.py:840} INFO - DAG(s) 'daily_remotive_ingest' retrieved from /opt/airflow/dags/daily_remotive_ingest.py
[2025-04-03T18:22:31.987+0000] {logging_mixin.py:188} INFO - [2025-04-03T18:22:31.987+0000] {dag.py:3033} INFO - Sync 1 DAGs
[2025-04-03T18:22:32.012+0000] {logging_mixin.py:188} INFO - [2025-04-03T18:22:32.012+0000] {dag.py:3820} INFO - Setting next_dagrun for daily_remotive_ingest to 2025-04-03T09:00:00+00:00, run_after=2025-04-04T09:00:00+00:00
[2025-04-03T18:22:32.030+0000] {processor.py:183} INFO - Processing /opt/airflow/dags/daily_remotive_ingest.py took 0.129 seconds
[2025-04-03T18:23:02.573+0000] {processor.py:161} INFO - Started process (PID=269) to work on /opt/airflow/dags/daily_remotive_ingest.py
[2025-04-03T18:23:02.574+0000] {processor.py:830} INFO - Processing file /opt/airflow/dags/daily_remotive_ingest.py for tasks to queue
[2025-04-03T18:23:02.580+0000] {logging_mixin.py:188} INFO - [2025-04-03T18:23:02.580+0000] {dagbag.py:538} INFO - Filling up the DagBag from /opt/airflow/dags/daily_remotive_ingest.py
[2025-04-03T18:23:02.607+0000] {processor.py:840} INFO - DAG(s) 'daily_remotive_ingest' retrieved from /opt/airflow/dags/daily_remotive_ingest.py
[2025-04-03T18:23:02.644+0000] {logging_mixin.py:188} INFO - [2025-04-03T18:23:02.644+0000] {dag.py:3033} INFO - Sync 1 DAGs
[2025-04-03T18:23:02.666+0000] {logging_mixin.py:188} INFO - [2025-04-03T18:23:02.666+0000] {dag.py:3820} INFO - Setting next_dagrun for daily_remotive_ingest to 2025-04-03T09:00:00+00:00, run_after=2025-04-04T09:00:00+00:00
[2025-04-03T18:23:02.680+0000] {processor.py:183} INFO - Processing /opt/airflow/dags/daily_remotive_ingest.py took 0.117 seconds
[2025-04-03T18:23:32.852+0000] {processor.py:161} INFO - Started process (PID=326) to work on /opt/airflow/dags/daily_remotive_ingest.py
[2025-04-03T18:23:32.853+0000] {processor.py:830} INFO - Processing file /opt/airflow/dags/daily_remotive_ingest.py for tasks to queue
[2025-04-03T18:23:32.854+0000] {logging_mixin.py:188} INFO - [2025-04-03T18:23:32.854+0000] {dagbag.py:538} INFO - Filling up the DagBag from /opt/airflow/dags/daily_remotive_ingest.py
[2025-04-03T18:23:32.861+0000] {processor.py:840} INFO - DAG(s) 'daily_remotive_ingest' retrieved from /opt/airflow/dags/daily_remotive_ingest.py
[2025-04-03T18:23:32.874+0000] {logging_mixin.py:188} INFO - [2025-04-03T18:23:32.874+0000] {dag.py:3033} INFO - Sync 1 DAGs
[2025-04-03T18:23:32.887+0000] {logging_mixin.py:188} INFO - [2025-04-03T18:23:32.887+0000] {dag.py:3820} INFO - Setting next_dagrun for daily_remotive_ingest to 2025-04-03T09:00:00+00:00, run_after=2025-04-04T09:00:00+00:00
[2025-04-03T18:23:32.897+0000] {processor.py:183} INFO - Processing /opt/airflow/dags/daily_remotive_ingest.py took 0.047 seconds
[2025-04-03T18:24:03.106+0000] {processor.py:161} INFO - Started process (PID=381) to work on /opt/airflow/dags/daily_remotive_ingest.py
[2025-04-03T18:24:03.109+0000] {processor.py:830} INFO - Processing file /opt/airflow/dags/daily_remotive_ingest.py for tasks to queue
[2025-04-03T18:24:03.117+0000] {logging_mixin.py:188} INFO - [2025-04-03T18:24:03.116+0000] {dagbag.py:538} INFO - Filling up the DagBag from /opt/airflow/dags/daily_remotive_ingest.py
[2025-04-03T18:24:03.136+0000] {processor.py:840} INFO - DAG(s) 'daily_remotive_ingest' retrieved from /opt/airflow/dags/daily_remotive_ingest.py
[2025-04-03T18:24:03.160+0000] {logging_mixin.py:188} INFO - [2025-04-03T18:24:03.160+0000] {dag.py:3033} INFO - Sync 1 DAGs
[2025-04-03T18:24:03.180+0000] {logging_mixin.py:188} INFO - [2025-04-03T18:24:03.180+0000] {dag.py:3820} INFO - Setting next_dagrun for daily_remotive_ingest to 2025-04-03T09:00:00+00:00, run_after=2025-04-04T09:00:00+00:00
[2025-04-03T18:24:03.192+0000] {processor.py:183} INFO - Processing /opt/airflow/dags/daily_remotive_ingest.py took 0.100 seconds
[2025-04-03T18:24:33.514+0000] {processor.py:161} INFO - Started process (PID=437) to work on /opt/airflow/dags/daily_remotive_ingest.py
[2025-04-03T18:24:33.516+0000] {processor.py:830} INFO - Processing file /opt/airflow/dags/daily_remotive_ingest.py for tasks to queue
[2025-04-03T18:24:33.524+0000] {logging_mixin.py:188} INFO - [2025-04-03T18:24:33.522+0000] {dagbag.py:538} INFO - Filling up the DagBag from /opt/airflow/dags/daily_remotive_ingest.py
[2025-04-03T18:24:33.541+0000] {processor.py:840} INFO - DAG(s) 'daily_remotive_ingest' retrieved from /opt/airflow/dags/daily_remotive_ingest.py
[2025-04-03T18:24:33.575+0000] {logging_mixin.py:188} INFO - [2025-04-03T18:24:33.575+0000] {dag.py:3033} INFO - Sync 1 DAGs
[2025-04-03T18:24:33.598+0000] {logging_mixin.py:188} INFO - [2025-04-03T18:24:33.598+0000] {dag.py:3820} INFO - Setting next_dagrun for daily_remotive_ingest to 2025-04-03T09:00:00+00:00, run_after=2025-04-04T09:00:00+00:00
[2025-04-03T18:24:33.612+0000] {processor.py:183} INFO - Processing /opt/airflow/dags/daily_remotive_ingest.py took 0.112 seconds
[2025-04-03T18:25:03.753+0000] {processor.py:161} INFO - Started process (PID=493) to work on /opt/airflow/dags/daily_remotive_ingest.py
[2025-04-03T18:25:03.763+0000] {processor.py:830} INFO - Processing file /opt/airflow/dags/daily_remotive_ingest.py for tasks to queue
[2025-04-03T18:25:03.768+0000] {logging_mixin.py:188} INFO - [2025-04-03T18:25:03.768+0000] {dagbag.py:538} INFO - Filling up the DagBag from /opt/airflow/dags/daily_remotive_ingest.py
[2025-04-03T18:25:03.798+0000] {processor.py:840} INFO - DAG(s) 'daily_remotive_ingest' retrieved from /opt/airflow/dags/daily_remotive_ingest.py
[2025-04-03T18:25:03.853+0000] {logging_mixin.py:188} INFO - [2025-04-03T18:25:03.853+0000] {dag.py:3033} INFO - Sync 1 DAGs
[2025-04-03T18:25:03.882+0000] {logging_mixin.py:188} INFO - [2025-04-03T18:25:03.882+0000] {dag.py:3820} INFO - Setting next_dagrun for daily_remotive_ingest to 2025-04-03T09:00:00+00:00, run_after=2025-04-04T09:00:00+00:00
[2025-04-03T18:25:03.898+0000] {processor.py:183} INFO - Processing /opt/airflow/dags/daily_remotive_ingest.py took 0.154 seconds
[2025-04-03T18:25:34.381+0000] {processor.py:161} INFO - Started process (PID=549) to work on /opt/airflow/dags/daily_remotive_ingest.py
[2025-04-03T18:25:34.383+0000] {processor.py:830} INFO - Processing file /opt/airflow/dags/daily_remotive_ingest.py for tasks to queue
[2025-04-03T18:25:34.392+0000] {logging_mixin.py:188} INFO - [2025-04-03T18:25:34.392+0000] {dagbag.py:538} INFO - Filling up the DagBag from /opt/airflow/dags/daily_remotive_ingest.py
[2025-04-03T18:25:34.416+0000] {processor.py:840} INFO - DAG(s) 'daily_remotive_ingest' retrieved from /opt/airflow/dags/daily_remotive_ingest.py
[2025-04-03T18:25:34.446+0000] {logging_mixin.py:188} INFO - [2025-04-03T18:25:34.446+0000] {dag.py:3033} INFO - Sync 1 DAGs
[2025-04-03T18:25:34.471+0000] {logging_mixin.py:188} INFO - [2025-04-03T18:25:34.470+0000] {dag.py:3820} INFO - Setting next_dagrun for daily_remotive_ingest to 2025-04-03T09:00:00+00:00, run_after=2025-04-04T09:00:00+00:00
[2025-04-03T18:25:34.483+0000] {processor.py:183} INFO - Processing /opt/airflow/dags/daily_remotive_ingest.py took 0.113 seconds
[2025-04-03T18:26:05.098+0000] {processor.py:161} INFO - Started process (PID=605) to work on /opt/airflow/dags/daily_remotive_ingest.py
[2025-04-03T18:26:05.101+0000] {processor.py:830} INFO - Processing file /opt/airflow/dags/daily_remotive_ingest.py for tasks to queue
[2025-04-03T18:26:05.106+0000] {logging_mixin.py:188} INFO - [2025-04-03T18:26:05.106+0000] {dagbag.py:538} INFO - Filling up the DagBag from /opt/airflow/dags/daily_remotive_ingest.py
[2025-04-03T18:26:05.136+0000] {processor.py:840} INFO - DAG(s) 'daily_remotive_ingest' retrieved from /opt/airflow/dags/daily_remotive_ingest.py
[2025-04-03T18:26:05.184+0000] {logging_mixin.py:188} INFO - [2025-04-03T18:26:05.184+0000] {dag.py:3033} INFO - Sync 1 DAGs
[2025-04-03T18:26:05.203+0000] {logging_mixin.py:188} INFO - [2025-04-03T18:26:05.203+0000] {dag.py:3820} INFO - Setting next_dagrun for daily_remotive_ingest to 2025-04-03T09:00:00+00:00, run_after=2025-04-04T09:00:00+00:00
[2025-04-03T18:26:05.219+0000] {processor.py:183} INFO - Processing /opt/airflow/dags/daily_remotive_ingest.py took 0.135 seconds
[2025-04-03T18:26:35.363+0000] {processor.py:161} INFO - Started process (PID=661) to work on /opt/airflow/dags/daily_remotive_ingest.py
[2025-04-03T18:26:35.366+0000] {processor.py:830} INFO - Processing file /opt/airflow/dags/daily_remotive_ingest.py for tasks to queue
[2025-04-03T18:26:35.372+0000] {logging_mixin.py:188} INFO - [2025-04-03T18:26:35.372+0000] {dagbag.py:538} INFO - Filling up the DagBag from /opt/airflow/dags/daily_remotive_ingest.py
[2025-04-03T18:26:35.388+0000] {processor.py:840} INFO - DAG(s) 'daily_remotive_ingest' retrieved from /opt/airflow/dags/daily_remotive_ingest.py
[2025-04-03T18:26:35.422+0000] {logging_mixin.py:188} INFO - [2025-04-03T18:26:35.422+0000] {dag.py:3033} INFO - Sync 1 DAGs
[2025-04-03T18:26:35.442+0000] {logging_mixin.py:188} INFO - [2025-04-03T18:26:35.442+0000] {dag.py:3820} INFO - Setting next_dagrun for daily_remotive_ingest to 2025-04-03T09:00:00+00:00, run_after=2025-04-04T09:00:00+00:00
[2025-04-03T18:26:35.457+0000] {processor.py:183} INFO - Processing /opt/airflow/dags/daily_remotive_ingest.py took 0.106 seconds
[2025-04-03T18:27:05.538+0000] {processor.py:161} INFO - Started process (PID=717) to work on /opt/airflow/dags/daily_remotive_ingest.py
[2025-04-03T18:27:05.541+0000] {processor.py:830} INFO - Processing file /opt/airflow/dags/daily_remotive_ingest.py for tasks to queue
[2025-04-03T18:27:05.547+0000] {logging_mixin.py:188} INFO - [2025-04-03T18:27:05.547+0000] {dagbag.py:538} INFO - Filling up the DagBag from /opt/airflow/dags/daily_remotive_ingest.py
[2025-04-03T18:27:05.564+0000] {processor.py:840} INFO - DAG(s) 'daily_remotive_ingest' retrieved from /opt/airflow/dags/daily_remotive_ingest.py
[2025-04-03T18:27:05.596+0000] {logging_mixin.py:188} INFO - [2025-04-03T18:27:05.596+0000] {dag.py:3033} INFO - Sync 1 DAGs
[2025-04-03T18:27:05.623+0000] {logging_mixin.py:188} INFO - [2025-04-03T18:27:05.623+0000] {dag.py:3820} INFO - Setting next_dagrun for daily_remotive_ingest to 2025-04-03T09:00:00+00:00, run_after=2025-04-04T09:00:00+00:00
[2025-04-03T18:27:05.643+0000] {processor.py:183} INFO - Processing /opt/airflow/dags/daily_remotive_ingest.py took 0.113 seconds
[2025-04-03T18:27:36.146+0000] {processor.py:161} INFO - Started process (PID=773) to work on /opt/airflow/dags/daily_remotive_ingest.py
[2025-04-03T18:27:36.147+0000] {processor.py:830} INFO - Processing file /opt/airflow/dags/daily_remotive_ingest.py for tasks to queue
[2025-04-03T18:27:36.165+0000] {logging_mixin.py:188} INFO - [2025-04-03T18:27:36.164+0000] {dagbag.py:538} INFO - Filling up the DagBag from /opt/airflow/dags/daily_remotive_ingest.py
[2025-04-03T18:27:36.194+0000] {processor.py:840} INFO - DAG(s) 'daily_remotive_ingest' retrieved from /opt/airflow/dags/daily_remotive_ingest.py
[2025-04-03T18:27:36.229+0000] {logging_mixin.py:188} INFO - [2025-04-03T18:27:36.229+0000] {dag.py:3033} INFO - Sync 1 DAGs
[2025-04-03T18:27:36.253+0000] {logging_mixin.py:188} INFO - [2025-04-03T18:27:36.253+0000] {dag.py:3820} INFO - Setting next_dagrun for daily_remotive_ingest to 2025-04-03T09:00:00+00:00, run_after=2025-04-04T09:00:00+00:00
[2025-04-03T18:27:36.265+0000] {processor.py:183} INFO - Processing /opt/airflow/dags/daily_remotive_ingest.py took 0.133 seconds
[2025-04-03T18:28:06.359+0000] {processor.py:161} INFO - Started process (PID=829) to work on /opt/airflow/dags/daily_remotive_ingest.py
[2025-04-03T18:28:06.362+0000] {processor.py:830} INFO - Processing file /opt/airflow/dags/daily_remotive_ingest.py for tasks to queue
[2025-04-03T18:28:06.369+0000] {logging_mixin.py:188} INFO - [2025-04-03T18:28:06.367+0000] {dagbag.py:538} INFO - Filling up the DagBag from /opt/airflow/dags/daily_remotive_ingest.py
[2025-04-03T18:28:06.417+0000] {processor.py:840} INFO - DAG(s) 'daily_remotive_ingest' retrieved from /opt/airflow/dags/daily_remotive_ingest.py
[2025-04-03T18:28:06.485+0000] {logging_mixin.py:188} INFO - [2025-04-03T18:28:06.484+0000] {dag.py:3033} INFO - Sync 1 DAGs
[2025-04-03T18:28:06.513+0000] {logging_mixin.py:188} INFO - [2025-04-03T18:28:06.512+0000] {dag.py:3820} INFO - Setting next_dagrun for daily_remotive_ingest to 2025-04-03T09:00:00+00:00, run_after=2025-04-04T09:00:00+00:00
[2025-04-03T18:28:06.526+0000] {processor.py:183} INFO - Processing /opt/airflow/dags/daily_remotive_ingest.py took 0.185 seconds
[2025-04-03T18:28:36.644+0000] {processor.py:161} INFO - Started process (PID=885) to work on /opt/airflow/dags/daily_remotive_ingest.py
[2025-04-03T18:28:36.645+0000] {processor.py:830} INFO - Processing file /opt/airflow/dags/daily_remotive_ingest.py for tasks to queue
[2025-04-03T18:28:36.649+0000] {logging_mixin.py:188} INFO - [2025-04-03T18:28:36.649+0000] {dagbag.py:538} INFO - Filling up the DagBag from /opt/airflow/dags/daily_remotive_ingest.py
[2025-04-03T18:28:36.667+0000] {processor.py:840} INFO - DAG(s) 'daily_remotive_ingest' retrieved from /opt/airflow/dags/daily_remotive_ingest.py
[2025-04-03T18:28:36.697+0000] {logging_mixin.py:188} INFO - [2025-04-03T18:28:36.697+0000] {dag.py:3033} INFO - Sync 1 DAGs
[2025-04-03T18:28:36.710+0000] {logging_mixin.py:188} INFO - [2025-04-03T18:28:36.710+0000] {dag.py:3820} INFO - Setting next_dagrun for daily_remotive_ingest to 2025-04-03T09:00:00+00:00, run_after=2025-04-04T09:00:00+00:00
[2025-04-03T18:28:36.729+0000] {processor.py:183} INFO - Processing /opt/airflow/dags/daily_remotive_ingest.py took 0.099 seconds
[2025-04-03T18:29:06.895+0000] {processor.py:161} INFO - Started process (PID=941) to work on /opt/airflow/dags/daily_remotive_ingest.py
[2025-04-03T18:29:06.897+0000] {processor.py:830} INFO - Processing file /opt/airflow/dags/daily_remotive_ingest.py for tasks to queue
[2025-04-03T18:29:06.905+0000] {logging_mixin.py:188} INFO - [2025-04-03T18:29:06.904+0000] {dagbag.py:538} INFO - Filling up the DagBag from /opt/airflow/dags/daily_remotive_ingest.py
[2025-04-03T18:29:06.924+0000] {processor.py:840} INFO - DAG(s) 'daily_remotive_ingest' retrieved from /opt/airflow/dags/daily_remotive_ingest.py
[2025-04-03T18:29:06.964+0000] {logging_mixin.py:188} INFO - [2025-04-03T18:29:06.963+0000] {dag.py:3033} INFO - Sync 1 DAGs
[2025-04-03T18:29:06.982+0000] {logging_mixin.py:188} INFO - [2025-04-03T18:29:06.982+0000] {dag.py:3820} INFO - Setting next_dagrun for daily_remotive_ingest to 2025-04-03T09:00:00+00:00, run_after=2025-04-04T09:00:00+00:00
[2025-04-03T18:29:06.994+0000] {processor.py:183} INFO - Processing /opt/airflow/dags/daily_remotive_ingest.py took 0.106 seconds
[2025-04-03T18:29:37.098+0000] {processor.py:161} INFO - Started process (PID=997) to work on /opt/airflow/dags/daily_remotive_ingest.py
[2025-04-03T18:29:37.103+0000] {processor.py:830} INFO - Processing file /opt/airflow/dags/daily_remotive_ingest.py for tasks to queue
[2025-04-03T18:29:37.107+0000] {logging_mixin.py:188} INFO - [2025-04-03T18:29:37.107+0000] {dagbag.py:538} INFO - Filling up the DagBag from /opt/airflow/dags/daily_remotive_ingest.py
[2025-04-03T18:29:37.130+0000] {processor.py:840} INFO - DAG(s) 'daily_remotive_ingest' retrieved from /opt/airflow/dags/daily_remotive_ingest.py
[2025-04-03T18:29:37.170+0000] {logging_mixin.py:188} INFO - [2025-04-03T18:29:37.170+0000] {dag.py:3033} INFO - Sync 1 DAGs
[2025-04-03T18:29:37.192+0000] {logging_mixin.py:188} INFO - [2025-04-03T18:29:37.192+0000] {dag.py:3820} INFO - Setting next_dagrun for daily_remotive_ingest to 2025-04-03T09:00:00+00:00, run_after=2025-04-04T09:00:00+00:00
[2025-04-03T18:29:37.205+0000] {processor.py:183} INFO - Processing /opt/airflow/dags/daily_remotive_ingest.py took 0.121 seconds
[2025-04-03T18:30:07.519+0000] {processor.py:161} INFO - Started process (PID=1053) to work on /opt/airflow/dags/daily_remotive_ingest.py
[2025-04-03T18:30:07.521+0000] {processor.py:830} INFO - Processing file /opt/airflow/dags/daily_remotive_ingest.py for tasks to queue
[2025-04-03T18:30:07.527+0000] {logging_mixin.py:188} INFO - [2025-04-03T18:30:07.526+0000] {dagbag.py:538} INFO - Filling up the DagBag from /opt/airflow/dags/daily_remotive_ingest.py
[2025-04-03T18:30:07.542+0000] {processor.py:840} INFO - DAG(s) 'daily_remotive_ingest' retrieved from /opt/airflow/dags/daily_remotive_ingest.py
[2025-04-03T18:30:07.582+0000] {logging_mixin.py:188} INFO - [2025-04-03T18:30:07.582+0000] {dag.py:3033} INFO - Sync 1 DAGs
[2025-04-03T18:30:07.609+0000] {logging_mixin.py:188} INFO - [2025-04-03T18:30:07.609+0000] {dag.py:3820} INFO - Setting next_dagrun for daily_remotive_ingest to 2025-04-03T09:00:00+00:00, run_after=2025-04-04T09:00:00+00:00
[2025-04-03T18:30:07.622+0000] {processor.py:183} INFO - Processing /opt/airflow/dags/daily_remotive_ingest.py took 0.117 seconds
[2025-04-03T18:30:37.870+0000] {processor.py:161} INFO - Started process (PID=1109) to work on /opt/airflow/dags/daily_remotive_ingest.py
[2025-04-03T18:30:37.871+0000] {processor.py:830} INFO - Processing file /opt/airflow/dags/daily_remotive_ingest.py for tasks to queue
[2025-04-03T18:30:37.876+0000] {logging_mixin.py:188} INFO - [2025-04-03T18:30:37.876+0000] {dagbag.py:538} INFO - Filling up the DagBag from /opt/airflow/dags/daily_remotive_ingest.py
[2025-04-03T18:30:37.901+0000] {processor.py:840} INFO - DAG(s) 'daily_remotive_ingest' retrieved from /opt/airflow/dags/daily_remotive_ingest.py
[2025-04-03T18:30:37.933+0000] {logging_mixin.py:188} INFO - [2025-04-03T18:30:37.933+0000] {dag.py:3033} INFO - Sync 1 DAGs
[2025-04-03T18:30:37.948+0000] {logging_mixin.py:188} INFO - [2025-04-03T18:30:37.948+0000] {dag.py:3820} INFO - Setting next_dagrun for daily_remotive_ingest to 2025-04-03T09:00:00+00:00, run_after=2025-04-04T09:00:00+00:00
[2025-04-03T18:30:37.966+0000] {processor.py:183} INFO - Processing /opt/airflow/dags/daily_remotive_ingest.py took 0.102 seconds
[2025-04-03T18:31:08.501+0000] {processor.py:161} INFO - Started process (PID=1165) to work on /opt/airflow/dags/daily_remotive_ingest.py
[2025-04-03T18:31:08.502+0000] {processor.py:830} INFO - Processing file /opt/airflow/dags/daily_remotive_ingest.py for tasks to queue
[2025-04-03T18:31:08.507+0000] {logging_mixin.py:188} INFO - [2025-04-03T18:31:08.506+0000] {dagbag.py:538} INFO - Filling up the DagBag from /opt/airflow/dags/daily_remotive_ingest.py
[2025-04-03T18:31:08.533+0000] {processor.py:840} INFO - DAG(s) 'daily_remotive_ingest' retrieved from /opt/airflow/dags/daily_remotive_ingest.py
[2025-04-03T18:31:08.563+0000] {logging_mixin.py:188} INFO - [2025-04-03T18:31:08.563+0000] {dag.py:3033} INFO - Sync 1 DAGs
[2025-04-03T18:31:08.593+0000] {logging_mixin.py:188} INFO - [2025-04-03T18:31:08.593+0000] {dag.py:3820} INFO - Setting next_dagrun for daily_remotive_ingest to 2025-04-03T09:00:00+00:00, run_after=2025-04-04T09:00:00+00:00
[2025-04-03T18:31:08.617+0000] {processor.py:183} INFO - Processing /opt/airflow/dags/daily_remotive_ingest.py took 0.124 seconds
[2025-04-03T18:31:39.007+0000] {processor.py:161} INFO - Started process (PID=1221) to work on /opt/airflow/dags/daily_remotive_ingest.py
[2025-04-03T18:31:39.010+0000] {processor.py:830} INFO - Processing file /opt/airflow/dags/daily_remotive_ingest.py for tasks to queue
[2025-04-03T18:31:39.016+0000] {logging_mixin.py:188} INFO - [2025-04-03T18:31:39.016+0000] {dagbag.py:538} INFO - Filling up the DagBag from /opt/airflow/dags/daily_remotive_ingest.py
[2025-04-03T18:31:39.034+0000] {processor.py:840} INFO - DAG(s) 'daily_remotive_ingest' retrieved from /opt/airflow/dags/daily_remotive_ingest.py
[2025-04-03T18:31:39.072+0000] {logging_mixin.py:188} INFO - [2025-04-03T18:31:39.072+0000] {dag.py:3033} INFO - Sync 1 DAGs
[2025-04-03T18:31:39.098+0000] {logging_mixin.py:188} INFO - [2025-04-03T18:31:39.097+0000] {dag.py:3820} INFO - Setting next_dagrun for daily_remotive_ingest to 2025-04-03T09:00:00+00:00, run_after=2025-04-04T09:00:00+00:00
[2025-04-03T18:31:39.116+0000] {processor.py:183} INFO - Processing /opt/airflow/dags/daily_remotive_ingest.py took 0.124 seconds
[2025-04-03T18:32:09.228+0000] {processor.py:161} INFO - Started process (PID=1277) to work on /opt/airflow/dags/daily_remotive_ingest.py
[2025-04-03T18:32:09.230+0000] {processor.py:830} INFO - Processing file /opt/airflow/dags/daily_remotive_ingest.py for tasks to queue
[2025-04-03T18:32:09.233+0000] {logging_mixin.py:188} INFO - [2025-04-03T18:32:09.233+0000] {dagbag.py:538} INFO - Filling up the DagBag from /opt/airflow/dags/daily_remotive_ingest.py
[2025-04-03T18:32:09.247+0000] {processor.py:840} INFO - DAG(s) 'daily_remotive_ingest' retrieved from /opt/airflow/dags/daily_remotive_ingest.py
[2025-04-03T18:32:09.271+0000] {logging_mixin.py:188} INFO - [2025-04-03T18:32:09.271+0000] {dag.py:3033} INFO - Sync 1 DAGs
[2025-04-03T18:32:09.287+0000] {logging_mixin.py:188} INFO - [2025-04-03T18:32:09.287+0000] {dag.py:3820} INFO - Setting next_dagrun for daily_remotive_ingest to 2025-04-03T09:00:00+00:00, run_after=2025-04-04T09:00:00+00:00
[2025-04-03T18:32:09.303+0000] {processor.py:183} INFO - Processing /opt/airflow/dags/daily_remotive_ingest.py took 0.082 seconds
[2025-04-03T18:33:06.769+0000] {processor.py:161} INFO - Started process (PID=56) to work on /opt/airflow/dags/daily_remotive_ingest.py
[2025-04-03T18:33:06.773+0000] {processor.py:830} INFO - Processing file /opt/airflow/dags/daily_remotive_ingest.py for tasks to queue
[2025-04-03T18:33:06.783+0000] {logging_mixin.py:188} INFO - [2025-04-03T18:33:06.783+0000] {dagbag.py:538} INFO - Filling up the DagBag from /opt/airflow/dags/daily_remotive_ingest.py
[2025-04-03T18:33:06.901+0000] {processor.py:840} INFO - DAG(s) 'daily_remotive_ingest' retrieved from /opt/airflow/dags/daily_remotive_ingest.py
[2025-04-03T18:33:07.994+0000] {logging_mixin.py:188} INFO - [2025-04-03T18:33:07.992+0000] {dag.py:3033} INFO - Sync 1 DAGs
[2025-04-03T18:33:08.086+0000] {logging_mixin.py:188} INFO - [2025-04-03T18:33:08.085+0000] {dag.py:3820} INFO - Setting next_dagrun for daily_remotive_ingest to 2025-04-03T09:00:00+00:00, run_after=2025-04-04T09:00:00+00:00
[2025-04-03T18:33:08.221+0000] {processor.py:183} INFO - Processing /opt/airflow/dags/daily_remotive_ingest.py took 1.469 seconds
[2025-04-03T18:33:38.676+0000] {processor.py:161} INFO - Started process (PID=113) to work on /opt/airflow/dags/daily_remotive_ingest.py
[2025-04-03T18:33:38.983+0000] {processor.py:830} INFO - Processing file /opt/airflow/dags/daily_remotive_ingest.py for tasks to queue
[2025-04-03T18:33:39.026+0000] {logging_mixin.py:188} INFO - [2025-04-03T18:33:39.022+0000] {dagbag.py:538} INFO - Filling up the DagBag from /opt/airflow/dags/daily_remotive_ingest.py
[2025-04-03T18:33:39.162+0000] {processor.py:840} INFO - DAG(s) 'daily_remotive_ingest' retrieved from /opt/airflow/dags/daily_remotive_ingest.py
[2025-04-03T18:33:39.329+0000] {logging_mixin.py:188} INFO - [2025-04-03T18:33:39.326+0000] {dag.py:3033} INFO - Sync 1 DAGs
[2025-04-03T18:33:39.388+0000] {logging_mixin.py:188} INFO - [2025-04-03T18:33:39.387+0000] {dag.py:3820} INFO - Setting next_dagrun for daily_remotive_ingest to 2025-04-03T09:00:00+00:00, run_after=2025-04-04T09:00:00+00:00
[2025-04-03T18:33:39.429+0000] {processor.py:183} INFO - Processing /opt/airflow/dags/daily_remotive_ingest.py took 0.771 seconds
[2025-04-03T18:34:10.163+0000] {processor.py:161} INFO - Started process (PID=168) to work on /opt/airflow/dags/daily_remotive_ingest.py
[2025-04-03T18:34:10.173+0000] {processor.py:830} INFO - Processing file /opt/airflow/dags/daily_remotive_ingest.py for tasks to queue
[2025-04-03T18:34:10.192+0000] {logging_mixin.py:188} INFO - [2025-04-03T18:34:10.191+0000] {dagbag.py:538} INFO - Filling up the DagBag from /opt/airflow/dags/daily_remotive_ingest.py
[2025-04-03T18:34:10.241+0000] {processor.py:840} INFO - DAG(s) 'daily_remotive_ingest' retrieved from /opt/airflow/dags/daily_remotive_ingest.py
[2025-04-03T18:34:10.316+0000] {logging_mixin.py:188} INFO - [2025-04-03T18:34:10.316+0000] {dag.py:3033} INFO - Sync 1 DAGs
[2025-04-03T18:34:10.345+0000] {logging_mixin.py:188} INFO - [2025-04-03T18:34:10.345+0000] {dag.py:3820} INFO - Setting next_dagrun for daily_remotive_ingest to 2025-04-03T09:00:00+00:00, run_after=2025-04-04T09:00:00+00:00
[2025-04-03T18:34:10.376+0000] {processor.py:183} INFO - Processing /opt/airflow/dags/daily_remotive_ingest.py took 0.251 seconds
[2025-04-03T18:34:40.813+0000] {processor.py:161} INFO - Started process (PID=224) to work on /opt/airflow/dags/daily_remotive_ingest.py
[2025-04-03T18:34:40.817+0000] {processor.py:830} INFO - Processing file /opt/airflow/dags/daily_remotive_ingest.py for tasks to queue
[2025-04-03T18:34:40.824+0000] {logging_mixin.py:188} INFO - [2025-04-03T18:34:40.824+0000] {dagbag.py:538} INFO - Filling up the DagBag from /opt/airflow/dags/daily_remotive_ingest.py
[2025-04-03T18:34:40.843+0000] {processor.py:840} INFO - DAG(s) 'daily_remotive_ingest' retrieved from /opt/airflow/dags/daily_remotive_ingest.py
[2025-04-03T18:34:40.896+0000] {logging_mixin.py:188} INFO - [2025-04-03T18:34:40.896+0000] {dag.py:3033} INFO - Sync 1 DAGs
[2025-04-03T18:34:40.921+0000] {logging_mixin.py:188} INFO - [2025-04-03T18:34:40.921+0000] {dag.py:3820} INFO - Setting next_dagrun for daily_remotive_ingest to 2025-04-03T09:00:00+00:00, run_after=2025-04-04T09:00:00+00:00
[2025-04-03T18:34:40.942+0000] {processor.py:183} INFO - Processing /opt/airflow/dags/daily_remotive_ingest.py took 0.139 seconds
[2025-04-03T18:35:11.215+0000] {processor.py:161} INFO - Started process (PID=280) to work on /opt/airflow/dags/daily_remotive_ingest.py
[2025-04-03T18:35:11.218+0000] {processor.py:830} INFO - Processing file /opt/airflow/dags/daily_remotive_ingest.py for tasks to queue
[2025-04-03T18:35:11.225+0000] {logging_mixin.py:188} INFO - [2025-04-03T18:35:11.224+0000] {dagbag.py:538} INFO - Filling up the DagBag from /opt/airflow/dags/daily_remotive_ingest.py
[2025-04-03T18:35:11.246+0000] {processor.py:840} INFO - DAG(s) 'daily_remotive_ingest' retrieved from /opt/airflow/dags/daily_remotive_ingest.py
[2025-04-03T18:35:11.295+0000] {logging_mixin.py:188} INFO - [2025-04-03T18:35:11.295+0000] {dag.py:3033} INFO - Sync 1 DAGs
[2025-04-03T18:35:11.313+0000] {logging_mixin.py:188} INFO - [2025-04-03T18:35:11.313+0000] {dag.py:3820} INFO - Setting next_dagrun for daily_remotive_ingest to 2025-04-03T09:00:00+00:00, run_after=2025-04-04T09:00:00+00:00
[2025-04-03T18:35:11.332+0000] {processor.py:183} INFO - Processing /opt/airflow/dags/daily_remotive_ingest.py took 0.126 seconds
[2025-04-03T18:35:41.695+0000] {processor.py:161} INFO - Started process (PID=336) to work on /opt/airflow/dags/daily_remotive_ingest.py
[2025-04-03T18:35:41.701+0000] {processor.py:830} INFO - Processing file /opt/airflow/dags/daily_remotive_ingest.py for tasks to queue
[2025-04-03T18:35:41.708+0000] {logging_mixin.py:188} INFO - [2025-04-03T18:35:41.708+0000] {dagbag.py:538} INFO - Filling up the DagBag from /opt/airflow/dags/daily_remotive_ingest.py
[2025-04-03T18:35:41.737+0000] {processor.py:840} INFO - DAG(s) 'daily_remotive_ingest' retrieved from /opt/airflow/dags/daily_remotive_ingest.py
[2025-04-03T18:35:41.772+0000] {logging_mixin.py:188} INFO - [2025-04-03T18:35:41.772+0000] {dag.py:3033} INFO - Sync 1 DAGs
[2025-04-03T18:35:41.793+0000] {logging_mixin.py:188} INFO - [2025-04-03T18:35:41.793+0000] {dag.py:3820} INFO - Setting next_dagrun for daily_remotive_ingest to 2025-04-03T09:00:00+00:00, run_after=2025-04-04T09:00:00+00:00
[2025-04-03T18:35:41.810+0000] {processor.py:183} INFO - Processing /opt/airflow/dags/daily_remotive_ingest.py took 0.129 seconds
[2025-04-03T18:36:12.217+0000] {processor.py:161} INFO - Started process (PID=392) to work on /opt/airflow/dags/daily_remotive_ingest.py
[2025-04-03T18:36:12.218+0000] {processor.py:830} INFO - Processing file /opt/airflow/dags/daily_remotive_ingest.py for tasks to queue
[2025-04-03T18:36:12.229+0000] {logging_mixin.py:188} INFO - [2025-04-03T18:36:12.228+0000] {dagbag.py:538} INFO - Filling up the DagBag from /opt/airflow/dags/daily_remotive_ingest.py
[2025-04-03T18:36:12.253+0000] {processor.py:840} INFO - DAG(s) 'daily_remotive_ingest' retrieved from /opt/airflow/dags/daily_remotive_ingest.py
[2025-04-03T18:36:12.300+0000] {logging_mixin.py:188} INFO - [2025-04-03T18:36:12.300+0000] {dag.py:3033} INFO - Sync 1 DAGs
[2025-04-03T18:36:12.328+0000] {logging_mixin.py:188} INFO - [2025-04-03T18:36:12.328+0000] {dag.py:3820} INFO - Setting next_dagrun for daily_remotive_ingest to 2025-04-03T09:00:00+00:00, run_after=2025-04-04T09:00:00+00:00
[2025-04-03T18:36:12.342+0000] {processor.py:183} INFO - Processing /opt/airflow/dags/daily_remotive_ingest.py took 0.136 seconds
[2025-04-03T18:36:42.840+0000] {processor.py:161} INFO - Started process (PID=448) to work on /opt/airflow/dags/daily_remotive_ingest.py
[2025-04-03T18:36:42.844+0000] {processor.py:830} INFO - Processing file /opt/airflow/dags/daily_remotive_ingest.py for tasks to queue
[2025-04-03T18:36:42.853+0000] {logging_mixin.py:188} INFO - [2025-04-03T18:36:42.852+0000] {dagbag.py:538} INFO - Filling up the DagBag from /opt/airflow/dags/daily_remotive_ingest.py
[2025-04-03T18:36:42.874+0000] {processor.py:840} INFO - DAG(s) 'daily_remotive_ingest' retrieved from /opt/airflow/dags/daily_remotive_ingest.py
[2025-04-03T18:36:42.942+0000] {logging_mixin.py:188} INFO - [2025-04-03T18:36:42.941+0000] {dag.py:3033} INFO - Sync 1 DAGs
[2025-04-03T18:36:42.970+0000] {logging_mixin.py:188} INFO - [2025-04-03T18:36:42.970+0000] {dag.py:3820} INFO - Setting next_dagrun for daily_remotive_ingest to 2025-04-03T09:00:00+00:00, run_after=2025-04-04T09:00:00+00:00
[2025-04-03T18:36:42.994+0000] {processor.py:183} INFO - Processing /opt/airflow/dags/daily_remotive_ingest.py took 0.162 seconds
[2025-04-03T18:37:13.406+0000] {processor.py:161} INFO - Started process (PID=504) to work on /opt/airflow/dags/daily_remotive_ingest.py
[2025-04-03T18:37:13.410+0000] {processor.py:830} INFO - Processing file /opt/airflow/dags/daily_remotive_ingest.py for tasks to queue
[2025-04-03T18:37:13.415+0000] {logging_mixin.py:188} INFO - [2025-04-03T18:37:13.414+0000] {dagbag.py:538} INFO - Filling up the DagBag from /opt/airflow/dags/daily_remotive_ingest.py
[2025-04-03T18:37:13.430+0000] {processor.py:840} INFO - DAG(s) 'daily_remotive_ingest' retrieved from /opt/airflow/dags/daily_remotive_ingest.py
[2025-04-03T18:37:13.467+0000] {logging_mixin.py:188} INFO - [2025-04-03T18:37:13.467+0000] {dag.py:3033} INFO - Sync 1 DAGs
[2025-04-03T18:37:13.490+0000] {logging_mixin.py:188} INFO - [2025-04-03T18:37:13.489+0000] {dag.py:3820} INFO - Setting next_dagrun for daily_remotive_ingest to 2025-04-03T09:00:00+00:00, run_after=2025-04-04T09:00:00+00:00
[2025-04-03T18:37:13.505+0000] {processor.py:183} INFO - Processing /opt/airflow/dags/daily_remotive_ingest.py took 0.106 seconds
[2025-04-03T18:37:43.741+0000] {processor.py:161} INFO - Started process (PID=560) to work on /opt/airflow/dags/daily_remotive_ingest.py
[2025-04-03T18:37:43.744+0000] {processor.py:830} INFO - Processing file /opt/airflow/dags/daily_remotive_ingest.py for tasks to queue
[2025-04-03T18:37:43.749+0000] {logging_mixin.py:188} INFO - [2025-04-03T18:37:43.749+0000] {dagbag.py:538} INFO - Filling up the DagBag from /opt/airflow/dags/daily_remotive_ingest.py
[2025-04-03T18:37:43.765+0000] {processor.py:840} INFO - DAG(s) 'daily_remotive_ingest' retrieved from /opt/airflow/dags/daily_remotive_ingest.py
[2025-04-03T18:37:43.820+0000] {logging_mixin.py:188} INFO - [2025-04-03T18:37:43.818+0000] {dag.py:3033} INFO - Sync 1 DAGs
[2025-04-03T18:37:43.846+0000] {logging_mixin.py:188} INFO - [2025-04-03T18:37:43.846+0000] {dag.py:3820} INFO - Setting next_dagrun for daily_remotive_ingest to 2025-04-03T09:00:00+00:00, run_after=2025-04-04T09:00:00+00:00
[2025-04-03T18:37:43.866+0000] {processor.py:183} INFO - Processing /opt/airflow/dags/daily_remotive_ingest.py took 0.137 seconds
[2025-04-03T18:38:14.020+0000] {processor.py:161} INFO - Started process (PID=622) to work on /opt/airflow/dags/daily_remotive_ingest.py
[2025-04-03T18:38:14.023+0000] {processor.py:830} INFO - Processing file /opt/airflow/dags/daily_remotive_ingest.py for tasks to queue
[2025-04-03T18:38:14.034+0000] {logging_mixin.py:188} INFO - [2025-04-03T18:38:14.034+0000] {dagbag.py:538} INFO - Filling up the DagBag from /opt/airflow/dags/daily_remotive_ingest.py
[2025-04-03T18:38:14.052+0000] {processor.py:840} INFO - DAG(s) 'daily_remotive_ingest' retrieved from /opt/airflow/dags/daily_remotive_ingest.py
[2025-04-03T18:38:14.091+0000] {logging_mixin.py:188} INFO - [2025-04-03T18:38:14.091+0000] {dag.py:3033} INFO - Sync 1 DAGs
[2025-04-03T18:38:14.123+0000] {logging_mixin.py:188} INFO - [2025-04-03T18:38:14.123+0000] {dag.py:3820} INFO - Setting next_dagrun for daily_remotive_ingest to 2025-04-03T09:00:00+00:00, run_after=2025-04-04T09:00:00+00:00
[2025-04-03T18:38:14.142+0000] {processor.py:183} INFO - Processing /opt/airflow/dags/daily_remotive_ingest.py took 0.129 seconds
[2025-04-03T18:38:44.612+0000] {processor.py:161} INFO - Started process (PID=677) to work on /opt/airflow/dags/daily_remotive_ingest.py
[2025-04-03T18:38:44.629+0000] {processor.py:830} INFO - Processing file /opt/airflow/dags/daily_remotive_ingest.py for tasks to queue
[2025-04-03T18:38:44.637+0000] {logging_mixin.py:188} INFO - [2025-04-03T18:38:44.637+0000] {dagbag.py:538} INFO - Filling up the DagBag from /opt/airflow/dags/daily_remotive_ingest.py
[2025-04-03T18:38:44.716+0000] {processor.py:840} INFO - DAG(s) 'daily_remotive_ingest' retrieved from /opt/airflow/dags/daily_remotive_ingest.py
[2025-04-03T18:38:44.773+0000] {logging_mixin.py:188} INFO - [2025-04-03T18:38:44.773+0000] {dag.py:3033} INFO - Sync 1 DAGs
[2025-04-03T18:38:44.807+0000] {logging_mixin.py:188} INFO - [2025-04-03T18:38:44.806+0000] {dag.py:3820} INFO - Setting next_dagrun for daily_remotive_ingest to 2025-04-03T09:00:00+00:00, run_after=2025-04-04T09:00:00+00:00
[2025-04-03T18:38:44.842+0000] {processor.py:183} INFO - Processing /opt/airflow/dags/daily_remotive_ingest.py took 0.240 seconds
[2025-04-03T18:39:15.104+0000] {processor.py:161} INFO - Started process (PID=732) to work on /opt/airflow/dags/daily_remotive_ingest.py
[2025-04-03T18:39:15.114+0000] {processor.py:830} INFO - Processing file /opt/airflow/dags/daily_remotive_ingest.py for tasks to queue
[2025-04-03T18:39:15.130+0000] {logging_mixin.py:188} INFO - [2025-04-03T18:39:15.128+0000] {dagbag.py:538} INFO - Filling up the DagBag from /opt/airflow/dags/daily_remotive_ingest.py
[2025-04-03T18:39:15.179+0000] {processor.py:840} INFO - DAG(s) 'daily_remotive_ingest' retrieved from /opt/airflow/dags/daily_remotive_ingest.py
[2025-04-03T18:39:15.307+0000] {logging_mixin.py:188} INFO - [2025-04-03T18:39:15.306+0000] {dag.py:3033} INFO - Sync 1 DAGs
[2025-04-03T18:39:15.389+0000] {logging_mixin.py:188} INFO - [2025-04-03T18:39:15.389+0000] {dag.py:3820} INFO - Setting next_dagrun for daily_remotive_ingest to 2025-04-03T09:00:00+00:00, run_after=2025-04-04T09:00:00+00:00
[2025-04-03T18:39:15.416+0000] {processor.py:183} INFO - Processing /opt/airflow/dags/daily_remotive_ingest.py took 0.342 seconds
[2025-04-03T18:39:45.654+0000] {processor.py:161} INFO - Started process (PID=788) to work on /opt/airflow/dags/daily_remotive_ingest.py
[2025-04-03T18:39:45.660+0000] {processor.py:830} INFO - Processing file /opt/airflow/dags/daily_remotive_ingest.py for tasks to queue
[2025-04-03T18:39:45.674+0000] {logging_mixin.py:188} INFO - [2025-04-03T18:39:45.674+0000] {dagbag.py:538} INFO - Filling up the DagBag from /opt/airflow/dags/daily_remotive_ingest.py
[2025-04-03T18:39:45.695+0000] {processor.py:840} INFO - DAG(s) 'daily_remotive_ingest' retrieved from /opt/airflow/dags/daily_remotive_ingest.py
[2025-04-03T18:39:45.744+0000] {logging_mixin.py:188} INFO - [2025-04-03T18:39:45.744+0000] {dag.py:3033} INFO - Sync 1 DAGs
[2025-04-03T18:39:45.772+0000] {logging_mixin.py:188} INFO - [2025-04-03T18:39:45.771+0000] {dag.py:3820} INFO - Setting next_dagrun for daily_remotive_ingest to 2025-04-03T09:00:00+00:00, run_after=2025-04-04T09:00:00+00:00
[2025-04-03T18:39:45.793+0000] {processor.py:183} INFO - Processing /opt/airflow/dags/daily_remotive_ingest.py took 0.151 seconds
[2025-04-03T18:40:16.299+0000] {processor.py:161} INFO - Started process (PID=844) to work on /opt/airflow/dags/daily_remotive_ingest.py
[2025-04-03T18:40:16.307+0000] {processor.py:830} INFO - Processing file /opt/airflow/dags/daily_remotive_ingest.py for tasks to queue
[2025-04-03T18:40:16.358+0000] {logging_mixin.py:188} INFO - [2025-04-03T18:40:16.357+0000] {dagbag.py:538} INFO - Filling up the DagBag from /opt/airflow/dags/daily_remotive_ingest.py
[2025-04-03T18:40:16.395+0000] {processor.py:840} INFO - DAG(s) 'daily_remotive_ingest' retrieved from /opt/airflow/dags/daily_remotive_ingest.py
[2025-04-03T18:40:16.430+0000] {logging_mixin.py:188} INFO - [2025-04-03T18:40:16.430+0000] {dag.py:3033} INFO - Sync 1 DAGs
[2025-04-03T18:40:16.455+0000] {logging_mixin.py:188} INFO - [2025-04-03T18:40:16.455+0000] {dag.py:3820} INFO - Setting next_dagrun for daily_remotive_ingest to 2025-04-03T09:00:00+00:00, run_after=2025-04-04T09:00:00+00:00
[2025-04-03T18:40:16.478+0000] {processor.py:183} INFO - Processing /opt/airflow/dags/daily_remotive_ingest.py took 0.192 seconds
[2025-04-03T18:40:46.770+0000] {processor.py:161} INFO - Started process (PID=900) to work on /opt/airflow/dags/daily_remotive_ingest.py
[2025-04-03T18:40:46.777+0000] {processor.py:830} INFO - Processing file /opt/airflow/dags/daily_remotive_ingest.py for tasks to queue
[2025-04-03T18:40:46.787+0000] {logging_mixin.py:188} INFO - [2025-04-03T18:40:46.787+0000] {dagbag.py:538} INFO - Filling up the DagBag from /opt/airflow/dags/daily_remotive_ingest.py
[2025-04-03T18:40:46.805+0000] {processor.py:840} INFO - DAG(s) 'daily_remotive_ingest' retrieved from /opt/airflow/dags/daily_remotive_ingest.py
[2025-04-03T18:40:46.844+0000] {logging_mixin.py:188} INFO - [2025-04-03T18:40:46.844+0000] {dag.py:3033} INFO - Sync 1 DAGs
[2025-04-03T18:40:46.878+0000] {logging_mixin.py:188} INFO - [2025-04-03T18:40:46.878+0000] {dag.py:3820} INFO - Setting next_dagrun for daily_remotive_ingest to 2025-04-03T09:00:00+00:00, run_after=2025-04-04T09:00:00+00:00
[2025-04-03T18:40:46.894+0000] {processor.py:183} INFO - Processing /opt/airflow/dags/daily_remotive_ingest.py took 0.131 seconds
[2025-04-03T18:41:36.383+0000] {processor.py:161} INFO - Started process (PID=46) to work on /opt/airflow/dags/daily_remotive_ingest.py
[2025-04-03T18:41:36.388+0000] {processor.py:830} INFO - Processing file /opt/airflow/dags/daily_remotive_ingest.py for tasks to queue
[2025-04-03T18:41:36.412+0000] {logging_mixin.py:188} INFO - [2025-04-03T18:41:36.410+0000] {dagbag.py:538} INFO - Filling up the DagBag from /opt/airflow/dags/daily_remotive_ingest.py
[2025-04-03T18:41:36.513+0000] {processor.py:840} INFO - DAG(s) 'daily_remotive_ingest' retrieved from /opt/airflow/dags/daily_remotive_ingest.py
[2025-04-03T18:41:37.117+0000] {logging_mixin.py:188} INFO - [2025-04-03T18:41:37.116+0000] {dag.py:3033} INFO - Sync 1 DAGs
[2025-04-03T18:41:37.143+0000] {logging_mixin.py:188} INFO - [2025-04-03T18:41:37.143+0000] {dag.py:3820} INFO - Setting next_dagrun for daily_remotive_ingest to 2025-04-03T09:00:00+00:00, run_after=2025-04-04T09:00:00+00:00
[2025-04-03T18:41:37.179+0000] {processor.py:183} INFO - Processing /opt/airflow/dags/daily_remotive_ingest.py took 0.854 seconds
[2025-04-03T18:42:07.376+0000] {processor.py:161} INFO - Started process (PID=103) to work on /opt/airflow/dags/daily_remotive_ingest.py
[2025-04-03T18:42:07.391+0000] {processor.py:830} INFO - Processing file /opt/airflow/dags/daily_remotive_ingest.py for tasks to queue
[2025-04-03T18:42:07.460+0000] {logging_mixin.py:188} INFO - [2025-04-03T18:42:07.452+0000] {dagbag.py:538} INFO - Filling up the DagBag from /opt/airflow/dags/daily_remotive_ingest.py
[2025-04-03T18:42:07.586+0000] {processor.py:840} INFO - DAG(s) 'daily_remotive_ingest' retrieved from /opt/airflow/dags/daily_remotive_ingest.py
[2025-04-03T18:42:07.749+0000] {logging_mixin.py:188} INFO - [2025-04-03T18:42:07.749+0000] {dag.py:3033} INFO - Sync 1 DAGs
[2025-04-03T18:42:07.840+0000] {logging_mixin.py:188} INFO - [2025-04-03T18:42:07.838+0000] {dag.py:3820} INFO - Setting next_dagrun for daily_remotive_ingest to 2025-04-03T09:00:00+00:00, run_after=2025-04-04T09:00:00+00:00
[2025-04-03T18:42:07.900+0000] {processor.py:183} INFO - Processing /opt/airflow/dags/daily_remotive_ingest.py took 0.535 seconds
[2025-04-03T18:42:38.695+0000] {processor.py:161} INFO - Started process (PID=158) to work on /opt/airflow/dags/daily_remotive_ingest.py
[2025-04-03T18:42:38.718+0000] {processor.py:830} INFO - Processing file /opt/airflow/dags/daily_remotive_ingest.py for tasks to queue
[2025-04-03T18:42:38.805+0000] {logging_mixin.py:188} INFO - [2025-04-03T18:42:38.798+0000] {dagbag.py:538} INFO - Filling up the DagBag from /opt/airflow/dags/daily_remotive_ingest.py
[2025-04-03T18:42:39.150+0000] {processor.py:840} INFO - DAG(s) 'daily_remotive_ingest' retrieved from /opt/airflow/dags/daily_remotive_ingest.py
[2025-04-03T18:42:39.311+0000] {logging_mixin.py:188} INFO - [2025-04-03T18:42:39.311+0000] {dag.py:3033} INFO - Sync 1 DAGs
[2025-04-03T18:42:40.079+0000] {logging_mixin.py:188} INFO - [2025-04-03T18:42:40.077+0000] {dag.py:3820} INFO - Setting next_dagrun for daily_remotive_ingest to 2025-04-03T09:00:00+00:00, run_after=2025-04-04T09:00:00+00:00
[2025-04-03T18:42:40.173+0000] {processor.py:183} INFO - Processing /opt/airflow/dags/daily_remotive_ingest.py took 1.566 seconds
[2025-04-03T18:43:10.567+0000] {processor.py:161} INFO - Started process (PID=215) to work on /opt/airflow/dags/daily_remotive_ingest.py
[2025-04-03T18:43:10.581+0000] {processor.py:830} INFO - Processing file /opt/airflow/dags/daily_remotive_ingest.py for tasks to queue
[2025-04-03T18:43:10.648+0000] {logging_mixin.py:188} INFO - [2025-04-03T18:43:10.648+0000] {dagbag.py:538} INFO - Filling up the DagBag from /opt/airflow/dags/daily_remotive_ingest.py
[2025-04-03T18:43:10.775+0000] {processor.py:840} INFO - DAG(s) 'daily_remotive_ingest' retrieved from /opt/airflow/dags/daily_remotive_ingest.py
[2025-04-03T18:43:10.864+0000] {logging_mixin.py:188} INFO - [2025-04-03T18:43:10.864+0000] {dag.py:3033} INFO - Sync 1 DAGs
[2025-04-03T18:43:10.955+0000] {logging_mixin.py:188} INFO - [2025-04-03T18:43:10.954+0000] {dag.py:3820} INFO - Setting next_dagrun for daily_remotive_ingest to 2025-04-03T09:00:00+00:00, run_after=2025-04-04T09:00:00+00:00
[2025-04-03T18:43:11.004+0000] {processor.py:183} INFO - Processing /opt/airflow/dags/daily_remotive_ingest.py took 0.488 seconds
[2025-04-03T18:43:41.187+0000] {processor.py:161} INFO - Started process (PID=276) to work on /opt/airflow/dags/daily_remotive_ingest.py
[2025-04-03T18:43:41.190+0000] {processor.py:830} INFO - Processing file /opt/airflow/dags/daily_remotive_ingest.py for tasks to queue
[2025-04-03T18:43:41.196+0000] {logging_mixin.py:188} INFO - [2025-04-03T18:43:41.195+0000] {dagbag.py:538} INFO - Filling up the DagBag from /opt/airflow/dags/daily_remotive_ingest.py
[2025-04-03T18:43:41.217+0000] {processor.py:840} INFO - DAG(s) 'daily_remotive_ingest' retrieved from /opt/airflow/dags/daily_remotive_ingest.py
[2025-04-03T18:43:41.265+0000] {logging_mixin.py:188} INFO - [2025-04-03T18:43:41.264+0000] {dag.py:3033} INFO - Sync 1 DAGs
[2025-04-03T18:43:41.288+0000] {logging_mixin.py:188} INFO - [2025-04-03T18:43:41.288+0000] {dag.py:3820} INFO - Setting next_dagrun for daily_remotive_ingest to 2025-04-03T09:00:00+00:00, run_after=2025-04-04T09:00:00+00:00
[2025-04-03T18:43:41.305+0000] {processor.py:183} INFO - Processing /opt/airflow/dags/daily_remotive_ingest.py took 0.132 seconds
[2025-04-03T18:44:11.379+0000] {processor.py:161} INFO - Started process (PID=332) to work on /opt/airflow/dags/daily_remotive_ingest.py
[2025-04-03T18:44:11.381+0000] {processor.py:830} INFO - Processing file /opt/airflow/dags/daily_remotive_ingest.py for tasks to queue
[2025-04-03T18:44:11.399+0000] {logging_mixin.py:188} INFO - [2025-04-03T18:44:11.399+0000] {dagbag.py:538} INFO - Filling up the DagBag from /opt/airflow/dags/daily_remotive_ingest.py
[2025-04-03T18:44:11.426+0000] {processor.py:840} INFO - DAG(s) 'daily_remotive_ingest' retrieved from /opt/airflow/dags/daily_remotive_ingest.py
[2025-04-03T18:44:11.463+0000] {logging_mixin.py:188} INFO - [2025-04-03T18:44:11.463+0000] {dag.py:3033} INFO - Sync 1 DAGs
[2025-04-03T18:44:11.488+0000] {logging_mixin.py:188} INFO - [2025-04-03T18:44:11.488+0000] {dag.py:3820} INFO - Setting next_dagrun for daily_remotive_ingest to 2025-04-03T09:00:00+00:00, run_after=2025-04-04T09:00:00+00:00
[2025-04-03T18:44:11.504+0000] {processor.py:183} INFO - Processing /opt/airflow/dags/daily_remotive_ingest.py took 0.139 seconds
[2025-04-03T18:44:41.653+0000] {processor.py:161} INFO - Started process (PID=388) to work on /opt/airflow/dags/daily_remotive_ingest.py
[2025-04-03T18:44:41.661+0000] {processor.py:830} INFO - Processing file /opt/airflow/dags/daily_remotive_ingest.py for tasks to queue
[2025-04-03T18:44:41.679+0000] {logging_mixin.py:188} INFO - [2025-04-03T18:44:41.679+0000] {dagbag.py:538} INFO - Filling up the DagBag from /opt/airflow/dags/daily_remotive_ingest.py
[2025-04-03T18:44:41.698+0000] {processor.py:840} INFO - DAG(s) 'daily_remotive_ingest' retrieved from /opt/airflow/dags/daily_remotive_ingest.py
[2025-04-03T18:44:41.737+0000] {logging_mixin.py:188} INFO - [2025-04-03T18:44:41.737+0000] {dag.py:3033} INFO - Sync 1 DAGs
[2025-04-03T18:44:41.763+0000] {logging_mixin.py:188} INFO - [2025-04-03T18:44:41.762+0000] {dag.py:3820} INFO - Setting next_dagrun for daily_remotive_ingest to 2025-04-03T09:00:00+00:00, run_after=2025-04-04T09:00:00+00:00
[2025-04-03T18:44:41.778+0000] {processor.py:183} INFO - Processing /opt/airflow/dags/daily_remotive_ingest.py took 0.141 seconds
[2025-04-03T18:45:12.777+0000] {processor.py:161} INFO - Started process (PID=444) to work on /opt/airflow/dags/daily_remotive_ingest.py
[2025-04-03T18:45:12.787+0000] {processor.py:830} INFO - Processing file /opt/airflow/dags/daily_remotive_ingest.py for tasks to queue
[2025-04-03T18:45:12.801+0000] {logging_mixin.py:188} INFO - [2025-04-03T18:45:12.800+0000] {dagbag.py:538} INFO - Filling up the DagBag from /opt/airflow/dags/daily_remotive_ingest.py
[2025-04-03T18:45:12.827+0000] {processor.py:840} INFO - DAG(s) 'daily_remotive_ingest' retrieved from /opt/airflow/dags/daily_remotive_ingest.py
[2025-04-03T18:45:12.884+0000] {logging_mixin.py:188} INFO - [2025-04-03T18:45:12.884+0000] {dag.py:3033} INFO - Sync 1 DAGs
[2025-04-03T18:45:12.948+0000] {logging_mixin.py:188} INFO - [2025-04-03T18:45:12.948+0000] {dag.py:3820} INFO - Setting next_dagrun for daily_remotive_ingest to 2025-04-03T09:00:00+00:00, run_after=2025-04-04T09:00:00+00:00
[2025-04-03T18:45:12.975+0000] {processor.py:183} INFO - Processing /opt/airflow/dags/daily_remotive_ingest.py took 0.219 seconds
[2025-04-03T18:45:43.081+0000] {processor.py:161} INFO - Started process (PID=500) to work on /opt/airflow/dags/daily_remotive_ingest.py
[2025-04-03T18:45:43.082+0000] {processor.py:830} INFO - Processing file /opt/airflow/dags/daily_remotive_ingest.py for tasks to queue
[2025-04-03T18:45:43.090+0000] {logging_mixin.py:188} INFO - [2025-04-03T18:45:43.089+0000] {dagbag.py:538} INFO - Filling up the DagBag from /opt/airflow/dags/daily_remotive_ingest.py
[2025-04-03T18:45:43.113+0000] {processor.py:840} INFO - DAG(s) 'daily_remotive_ingest' retrieved from /opt/airflow/dags/daily_remotive_ingest.py
[2025-04-03T18:45:43.149+0000] {logging_mixin.py:188} INFO - [2025-04-03T18:45:43.148+0000] {dag.py:3033} INFO - Sync 1 DAGs
[2025-04-03T18:45:43.170+0000] {logging_mixin.py:188} INFO - [2025-04-03T18:45:43.170+0000] {dag.py:3820} INFO - Setting next_dagrun for daily_remotive_ingest to 2025-04-03T09:00:00+00:00, run_after=2025-04-04T09:00:00+00:00
[2025-04-03T18:45:43.186+0000] {processor.py:183} INFO - Processing /opt/airflow/dags/daily_remotive_ingest.py took 0.114 seconds
[2025-04-03T18:46:13.501+0000] {processor.py:161} INFO - Started process (PID=556) to work on /opt/airflow/dags/daily_remotive_ingest.py
[2025-04-03T18:46:13.503+0000] {processor.py:830} INFO - Processing file /opt/airflow/dags/daily_remotive_ingest.py for tasks to queue
[2025-04-03T18:46:13.508+0000] {logging_mixin.py:188} INFO - [2025-04-03T18:46:13.508+0000] {dagbag.py:538} INFO - Filling up the DagBag from /opt/airflow/dags/daily_remotive_ingest.py
[2025-04-03T18:46:13.530+0000] {processor.py:840} INFO - DAG(s) 'daily_remotive_ingest' retrieved from /opt/airflow/dags/daily_remotive_ingest.py
[2025-04-03T18:46:13.563+0000] {logging_mixin.py:188} INFO - [2025-04-03T18:46:13.563+0000] {dag.py:3033} INFO - Sync 1 DAGs
[2025-04-03T18:46:13.587+0000] {logging_mixin.py:188} INFO - [2025-04-03T18:46:13.587+0000] {dag.py:3820} INFO - Setting next_dagrun for daily_remotive_ingest to 2025-04-03T09:00:00+00:00, run_after=2025-04-04T09:00:00+00:00
[2025-04-03T18:46:13.601+0000] {processor.py:183} INFO - Processing /opt/airflow/dags/daily_remotive_ingest.py took 0.110 seconds
[2025-04-03T18:46:44.084+0000] {processor.py:161} INFO - Started process (PID=612) to work on /opt/airflow/dags/daily_remotive_ingest.py
[2025-04-03T18:46:44.086+0000] {processor.py:830} INFO - Processing file /opt/airflow/dags/daily_remotive_ingest.py for tasks to queue
[2025-04-03T18:46:44.093+0000] {logging_mixin.py:188} INFO - [2025-04-03T18:46:44.092+0000] {dagbag.py:538} INFO - Filling up the DagBag from /opt/airflow/dags/daily_remotive_ingest.py
[2025-04-03T18:46:44.116+0000] {processor.py:840} INFO - DAG(s) 'daily_remotive_ingest' retrieved from /opt/airflow/dags/daily_remotive_ingest.py
[2025-04-03T18:46:44.145+0000] {logging_mixin.py:188} INFO - [2025-04-03T18:46:44.144+0000] {dag.py:3033} INFO - Sync 1 DAGs
[2025-04-03T18:46:44.173+0000] {logging_mixin.py:188} INFO - [2025-04-03T18:46:44.173+0000] {dag.py:3820} INFO - Setting next_dagrun for daily_remotive_ingest to 2025-04-03T09:00:00+00:00, run_after=2025-04-04T09:00:00+00:00
[2025-04-03T18:46:44.189+0000] {processor.py:183} INFO - Processing /opt/airflow/dags/daily_remotive_ingest.py took 0.118 seconds
[2025-04-03T18:47:14.477+0000] {processor.py:161} INFO - Started process (PID=668) to work on /opt/airflow/dags/daily_remotive_ingest.py
[2025-04-03T18:47:15.149+0000] {processor.py:830} INFO - Processing file /opt/airflow/dags/daily_remotive_ingest.py for tasks to queue
[2025-04-03T18:47:15.297+0000] {logging_mixin.py:188} INFO - [2025-04-03T18:47:15.296+0000] {dagbag.py:538} INFO - Filling up the DagBag from /opt/airflow/dags/daily_remotive_ingest.py
[2025-04-03T18:47:15.393+0000] {processor.py:840} INFO - DAG(s) 'daily_remotive_ingest' retrieved from /opt/airflow/dags/daily_remotive_ingest.py
[2025-04-03T18:47:15.538+0000] {logging_mixin.py:188} INFO - [2025-04-03T18:47:15.538+0000] {dag.py:3033} INFO - Sync 1 DAGs
[2025-04-03T18:47:15.666+0000] {logging_mixin.py:188} INFO - [2025-04-03T18:47:15.661+0000] {dag.py:3820} INFO - Setting next_dagrun for daily_remotive_ingest to 2025-04-03T09:00:00+00:00, run_after=2025-04-04T09:00:00+00:00
[2025-04-03T18:47:15.838+0000] {processor.py:183} INFO - Processing /opt/airflow/dags/daily_remotive_ingest.py took 1.391 seconds
[2025-04-03T18:47:46.217+0000] {processor.py:161} INFO - Started process (PID=724) to work on /opt/airflow/dags/daily_remotive_ingest.py
[2025-04-03T18:47:46.220+0000] {processor.py:830} INFO - Processing file /opt/airflow/dags/daily_remotive_ingest.py for tasks to queue
[2025-04-03T18:47:46.228+0000] {logging_mixin.py:188} INFO - [2025-04-03T18:47:46.228+0000] {dagbag.py:538} INFO - Filling up the DagBag from /opt/airflow/dags/daily_remotive_ingest.py
[2025-04-03T18:47:46.256+0000] {processor.py:840} INFO - DAG(s) 'daily_remotive_ingest' retrieved from /opt/airflow/dags/daily_remotive_ingest.py
[2025-04-03T18:47:46.300+0000] {logging_mixin.py:188} INFO - [2025-04-03T18:47:46.300+0000] {dag.py:3033} INFO - Sync 1 DAGs
[2025-04-03T18:47:46.329+0000] {logging_mixin.py:188} INFO - [2025-04-03T18:47:46.329+0000] {dag.py:3820} INFO - Setting next_dagrun for daily_remotive_ingest to 2025-04-03T09:00:00+00:00, run_after=2025-04-04T09:00:00+00:00
[2025-04-03T18:47:46.349+0000] {processor.py:183} INFO - Processing /opt/airflow/dags/daily_remotive_ingest.py took 0.147 seconds
[2025-04-03T18:48:16.651+0000] {processor.py:161} INFO - Started process (PID=780) to work on /opt/airflow/dags/daily_remotive_ingest.py
[2025-04-03T18:48:16.653+0000] {processor.py:830} INFO - Processing file /opt/airflow/dags/daily_remotive_ingest.py for tasks to queue
[2025-04-03T18:48:16.667+0000] {logging_mixin.py:188} INFO - [2025-04-03T18:48:16.667+0000] {dagbag.py:538} INFO - Filling up the DagBag from /opt/airflow/dags/daily_remotive_ingest.py
[2025-04-03T18:48:16.689+0000] {processor.py:840} INFO - DAG(s) 'daily_remotive_ingest' retrieved from /opt/airflow/dags/daily_remotive_ingest.py
[2025-04-03T18:48:16.737+0000] {logging_mixin.py:188} INFO - [2025-04-03T18:48:16.737+0000] {dag.py:3033} INFO - Sync 1 DAGs
[2025-04-03T18:48:16.763+0000] {logging_mixin.py:188} INFO - [2025-04-03T18:48:16.763+0000] {dag.py:3820} INFO - Setting next_dagrun for daily_remotive_ingest to 2025-04-03T09:00:00+00:00, run_after=2025-04-04T09:00:00+00:00
[2025-04-03T18:48:16.781+0000] {processor.py:183} INFO - Processing /opt/airflow/dags/daily_remotive_ingest.py took 0.140 seconds
[2025-04-03T18:48:47.465+0000] {processor.py:161} INFO - Started process (PID=836) to work on /opt/airflow/dags/daily_remotive_ingest.py
[2025-04-03T18:48:47.467+0000] {processor.py:830} INFO - Processing file /opt/airflow/dags/daily_remotive_ingest.py for tasks to queue
[2025-04-03T18:48:47.477+0000] {logging_mixin.py:188} INFO - [2025-04-03T18:48:47.476+0000] {dagbag.py:538} INFO - Filling up the DagBag from /opt/airflow/dags/daily_remotive_ingest.py
[2025-04-03T18:48:47.529+0000] {processor.py:840} INFO - DAG(s) 'daily_remotive_ingest' retrieved from /opt/airflow/dags/daily_remotive_ingest.py
[2025-04-03T18:48:47.564+0000] {logging_mixin.py:188} INFO - [2025-04-03T18:48:47.564+0000] {dag.py:3033} INFO - Sync 1 DAGs
[2025-04-03T18:48:47.597+0000] {logging_mixin.py:188} INFO - [2025-04-03T18:48:47.597+0000] {dag.py:3820} INFO - Setting next_dagrun for daily_remotive_ingest to 2025-04-03T09:00:00+00:00, run_after=2025-04-04T09:00:00+00:00
[2025-04-03T18:48:47.630+0000] {processor.py:183} INFO - Processing /opt/airflow/dags/daily_remotive_ingest.py took 0.177 seconds
[2025-04-03T18:49:18.058+0000] {processor.py:161} INFO - Started process (PID=892) to work on /opt/airflow/dags/daily_remotive_ingest.py
[2025-04-03T18:49:18.060+0000] {processor.py:830} INFO - Processing file /opt/airflow/dags/daily_remotive_ingest.py for tasks to queue
[2025-04-03T18:49:18.065+0000] {logging_mixin.py:188} INFO - [2025-04-03T18:49:18.065+0000] {dagbag.py:538} INFO - Filling up the DagBag from /opt/airflow/dags/daily_remotive_ingest.py
[2025-04-03T18:49:18.087+0000] {processor.py:840} INFO - DAG(s) 'daily_remotive_ingest' retrieved from /opt/airflow/dags/daily_remotive_ingest.py
[2025-04-03T18:49:18.122+0000] {logging_mixin.py:188} INFO - [2025-04-03T18:49:18.122+0000] {dag.py:3033} INFO - Sync 1 DAGs
[2025-04-03T18:49:18.147+0000] {logging_mixin.py:188} INFO - [2025-04-03T18:49:18.147+0000] {dag.py:3820} INFO - Setting next_dagrun for daily_remotive_ingest to 2025-04-03T09:00:00+00:00, run_after=2025-04-04T09:00:00+00:00
[2025-04-03T18:49:18.165+0000] {processor.py:183} INFO - Processing /opt/airflow/dags/daily_remotive_ingest.py took 0.120 seconds
[2025-04-03T18:49:48.542+0000] {processor.py:161} INFO - Started process (PID=948) to work on /opt/airflow/dags/daily_remotive_ingest.py
[2025-04-03T18:49:48.544+0000] {processor.py:830} INFO - Processing file /opt/airflow/dags/daily_remotive_ingest.py for tasks to queue
[2025-04-03T18:49:48.549+0000] {logging_mixin.py:188} INFO - [2025-04-03T18:49:48.549+0000] {dagbag.py:538} INFO - Filling up the DagBag from /opt/airflow/dags/daily_remotive_ingest.py
[2025-04-03T18:49:48.570+0000] {processor.py:840} INFO - DAG(s) 'daily_remotive_ingest' retrieved from /opt/airflow/dags/daily_remotive_ingest.py
[2025-04-03T18:49:48.602+0000] {logging_mixin.py:188} INFO - [2025-04-03T18:49:48.602+0000] {dag.py:3033} INFO - Sync 1 DAGs
[2025-04-03T18:49:48.618+0000] {logging_mixin.py:188} INFO - [2025-04-03T18:49:48.618+0000] {dag.py:3820} INFO - Setting next_dagrun for daily_remotive_ingest to 2025-04-03T09:00:00+00:00, run_after=2025-04-04T09:00:00+00:00
[2025-04-03T18:49:48.640+0000] {processor.py:183} INFO - Processing /opt/airflow/dags/daily_remotive_ingest.py took 0.114 seconds
[2025-04-03T18:50:19.356+0000] {processor.py:161} INFO - Started process (PID=1004) to work on /opt/airflow/dags/daily_remotive_ingest.py
[2025-04-03T18:50:19.360+0000] {processor.py:830} INFO - Processing file /opt/airflow/dags/daily_remotive_ingest.py for tasks to queue
[2025-04-03T18:50:19.366+0000] {logging_mixin.py:188} INFO - [2025-04-03T18:50:19.366+0000] {dagbag.py:538} INFO - Filling up the DagBag from /opt/airflow/dags/daily_remotive_ingest.py
[2025-04-03T18:50:19.385+0000] {processor.py:840} INFO - DAG(s) 'daily_remotive_ingest' retrieved from /opt/airflow/dags/daily_remotive_ingest.py
[2025-04-03T18:50:19.430+0000] {logging_mixin.py:188} INFO - [2025-04-03T18:50:19.430+0000] {dag.py:3033} INFO - Sync 1 DAGs
[2025-04-03T18:50:19.451+0000] {logging_mixin.py:188} INFO - [2025-04-03T18:50:19.451+0000] {dag.py:3820} INFO - Setting next_dagrun for daily_remotive_ingest to 2025-04-03T09:00:00+00:00, run_after=2025-04-04T09:00:00+00:00
[2025-04-03T18:50:19.468+0000] {processor.py:183} INFO - Processing /opt/airflow/dags/daily_remotive_ingest.py took 0.120 seconds
[2025-04-03T18:50:49.652+0000] {processor.py:161} INFO - Started process (PID=1060) to work on /opt/airflow/dags/daily_remotive_ingest.py
[2025-04-03T18:50:49.657+0000] {processor.py:830} INFO - Processing file /opt/airflow/dags/daily_remotive_ingest.py for tasks to queue
[2025-04-03T18:50:49.668+0000] {logging_mixin.py:188} INFO - [2025-04-03T18:50:49.667+0000] {dagbag.py:538} INFO - Filling up the DagBag from /opt/airflow/dags/daily_remotive_ingest.py
[2025-04-03T18:50:49.689+0000] {processor.py:840} INFO - DAG(s) 'daily_remotive_ingest' retrieved from /opt/airflow/dags/daily_remotive_ingest.py
[2025-04-03T18:50:49.728+0000] {logging_mixin.py:188} INFO - [2025-04-03T18:50:49.728+0000] {dag.py:3033} INFO - Sync 1 DAGs
[2025-04-03T18:50:49.753+0000] {logging_mixin.py:188} INFO - [2025-04-03T18:50:49.753+0000] {dag.py:3820} INFO - Setting next_dagrun for daily_remotive_ingest to 2025-04-03T09:00:00+00:00, run_after=2025-04-04T09:00:00+00:00
[2025-04-03T18:50:49.768+0000] {processor.py:183} INFO - Processing /opt/airflow/dags/daily_remotive_ingest.py took 0.135 seconds
[2025-04-03T18:51:20.142+0000] {processor.py:161} INFO - Started process (PID=1116) to work on /opt/airflow/dags/daily_remotive_ingest.py
[2025-04-03T18:51:20.146+0000] {processor.py:830} INFO - Processing file /opt/airflow/dags/daily_remotive_ingest.py for tasks to queue
[2025-04-03T18:51:20.152+0000] {logging_mixin.py:188} INFO - [2025-04-03T18:51:20.152+0000] {dagbag.py:538} INFO - Filling up the DagBag from /opt/airflow/dags/daily_remotive_ingest.py
[2025-04-03T18:51:20.179+0000] {processor.py:840} INFO - DAG(s) 'daily_remotive_ingest' retrieved from /opt/airflow/dags/daily_remotive_ingest.py
[2025-04-03T18:51:20.226+0000] {logging_mixin.py:188} INFO - [2025-04-03T18:51:20.225+0000] {dag.py:3033} INFO - Sync 1 DAGs
[2025-04-03T18:51:20.257+0000] {logging_mixin.py:188} INFO - [2025-04-03T18:51:20.257+0000] {dag.py:3820} INFO - Setting next_dagrun for daily_remotive_ingest to 2025-04-03T09:00:00+00:00, run_after=2025-04-04T09:00:00+00:00
[2025-04-03T18:51:20.278+0000] {processor.py:183} INFO - Processing /opt/airflow/dags/daily_remotive_ingest.py took 0.147 seconds
[2025-04-03T18:51:51.061+0000] {processor.py:161} INFO - Started process (PID=1172) to work on /opt/airflow/dags/daily_remotive_ingest.py
[2025-04-03T18:51:51.064+0000] {processor.py:830} INFO - Processing file /opt/airflow/dags/daily_remotive_ingest.py for tasks to queue
[2025-04-03T18:51:51.073+0000] {logging_mixin.py:188} INFO - [2025-04-03T18:51:51.072+0000] {dagbag.py:538} INFO - Filling up the DagBag from /opt/airflow/dags/daily_remotive_ingest.py
[2025-04-03T18:51:51.106+0000] {processor.py:840} INFO - DAG(s) 'daily_remotive_ingest' retrieved from /opt/airflow/dags/daily_remotive_ingest.py
[2025-04-03T18:51:51.147+0000] {logging_mixin.py:188} INFO - [2025-04-03T18:51:51.147+0000] {dag.py:3033} INFO - Sync 1 DAGs
[2025-04-03T18:51:51.167+0000] {logging_mixin.py:188} INFO - [2025-04-03T18:51:51.167+0000] {dag.py:3820} INFO - Setting next_dagrun for daily_remotive_ingest to 2025-04-03T09:00:00+00:00, run_after=2025-04-04T09:00:00+00:00
[2025-04-03T18:51:51.184+0000] {processor.py:183} INFO - Processing /opt/airflow/dags/daily_remotive_ingest.py took 0.134 seconds
[2025-04-03T18:52:21.623+0000] {processor.py:161} INFO - Started process (PID=1228) to work on /opt/airflow/dags/daily_remotive_ingest.py
[2025-04-03T18:52:21.625+0000] {processor.py:830} INFO - Processing file /opt/airflow/dags/daily_remotive_ingest.py for tasks to queue
[2025-04-03T18:52:21.635+0000] {logging_mixin.py:188} INFO - [2025-04-03T18:52:21.634+0000] {dagbag.py:538} INFO - Filling up the DagBag from /opt/airflow/dags/daily_remotive_ingest.py
[2025-04-03T18:52:21.652+0000] {processor.py:840} INFO - DAG(s) 'daily_remotive_ingest' retrieved from /opt/airflow/dags/daily_remotive_ingest.py
[2025-04-03T18:52:21.681+0000] {logging_mixin.py:188} INFO - [2025-04-03T18:52:21.681+0000] {dag.py:3033} INFO - Sync 1 DAGs
[2025-04-03T18:52:21.705+0000] {logging_mixin.py:188} INFO - [2025-04-03T18:52:21.705+0000] {dag.py:3820} INFO - Setting next_dagrun for daily_remotive_ingest to 2025-04-03T09:00:00+00:00, run_after=2025-04-04T09:00:00+00:00
[2025-04-03T18:52:21.718+0000] {processor.py:183} INFO - Processing /opt/airflow/dags/daily_remotive_ingest.py took 0.105 seconds
[2025-04-03T18:52:51.943+0000] {processor.py:161} INFO - Started process (PID=1284) to work on /opt/airflow/dags/daily_remotive_ingest.py
[2025-04-03T18:52:51.947+0000] {processor.py:830} INFO - Processing file /opt/airflow/dags/daily_remotive_ingest.py for tasks to queue
[2025-04-03T18:52:51.964+0000] {logging_mixin.py:188} INFO - [2025-04-03T18:52:51.960+0000] {dagbag.py:538} INFO - Filling up the DagBag from /opt/airflow/dags/daily_remotive_ingest.py
[2025-04-03T18:52:51.984+0000] {processor.py:840} INFO - DAG(s) 'daily_remotive_ingest' retrieved from /opt/airflow/dags/daily_remotive_ingest.py
[2025-04-03T18:52:52.035+0000] {logging_mixin.py:188} INFO - [2025-04-03T18:52:52.034+0000] {dag.py:3033} INFO - Sync 1 DAGs
[2025-04-03T18:52:52.062+0000] {logging_mixin.py:188} INFO - [2025-04-03T18:52:52.062+0000] {dag.py:3820} INFO - Setting next_dagrun for daily_remotive_ingest to 2025-04-03T09:00:00+00:00, run_after=2025-04-04T09:00:00+00:00
[2025-04-03T18:52:52.085+0000] {processor.py:183} INFO - Processing /opt/airflow/dags/daily_remotive_ingest.py took 0.153 seconds
[2025-04-03T18:53:22.268+0000] {processor.py:161} INFO - Started process (PID=1340) to work on /opt/airflow/dags/daily_remotive_ingest.py
[2025-04-03T18:53:22.271+0000] {processor.py:830} INFO - Processing file /opt/airflow/dags/daily_remotive_ingest.py for tasks to queue
[2025-04-03T18:53:22.282+0000] {logging_mixin.py:188} INFO - [2025-04-03T18:53:22.282+0000] {dagbag.py:538} INFO - Filling up the DagBag from /opt/airflow/dags/daily_remotive_ingest.py
[2025-04-03T18:53:22.316+0000] {processor.py:840} INFO - DAG(s) 'daily_remotive_ingest' retrieved from /opt/airflow/dags/daily_remotive_ingest.py
[2025-04-03T18:53:22.354+0000] {logging_mixin.py:188} INFO - [2025-04-03T18:53:22.353+0000] {dag.py:3033} INFO - Sync 1 DAGs
[2025-04-03T18:53:22.397+0000] {logging_mixin.py:188} INFO - [2025-04-03T18:53:22.397+0000] {dag.py:3820} INFO - Setting next_dagrun for daily_remotive_ingest to 2025-04-03T09:00:00+00:00, run_after=2025-04-04T09:00:00+00:00
[2025-04-03T18:53:22.427+0000] {processor.py:183} INFO - Processing /opt/airflow/dags/daily_remotive_ingest.py took 0.170 seconds
[2025-04-03T18:53:52.771+0000] {processor.py:161} INFO - Started process (PID=1396) to work on /opt/airflow/dags/daily_remotive_ingest.py
[2025-04-03T18:53:52.773+0000] {processor.py:830} INFO - Processing file /opt/airflow/dags/daily_remotive_ingest.py for tasks to queue
[2025-04-03T18:53:52.781+0000] {logging_mixin.py:188} INFO - [2025-04-03T18:53:52.781+0000] {dagbag.py:538} INFO - Filling up the DagBag from /opt/airflow/dags/daily_remotive_ingest.py
[2025-04-03T18:53:52.803+0000] {processor.py:840} INFO - DAG(s) 'daily_remotive_ingest' retrieved from /opt/airflow/dags/daily_remotive_ingest.py
[2025-04-03T18:53:52.842+0000] {logging_mixin.py:188} INFO - [2025-04-03T18:53:52.842+0000] {dag.py:3033} INFO - Sync 1 DAGs
[2025-04-03T18:53:52.865+0000] {logging_mixin.py:188} INFO - [2025-04-03T18:53:52.865+0000] {dag.py:3820} INFO - Setting next_dagrun for daily_remotive_ingest to 2025-04-03T09:00:00+00:00, run_after=2025-04-04T09:00:00+00:00
[2025-04-03T18:53:52.887+0000] {processor.py:183} INFO - Processing /opt/airflow/dags/daily_remotive_ingest.py took 0.124 seconds
[2025-04-03T18:54:23.264+0000] {processor.py:161} INFO - Started process (PID=1452) to work on /opt/airflow/dags/daily_remotive_ingest.py
[2025-04-03T18:54:23.269+0000] {processor.py:830} INFO - Processing file /opt/airflow/dags/daily_remotive_ingest.py for tasks to queue
[2025-04-03T18:54:23.276+0000] {logging_mixin.py:188} INFO - [2025-04-03T18:54:23.276+0000] {dagbag.py:538} INFO - Filling up the DagBag from /opt/airflow/dags/daily_remotive_ingest.py
[2025-04-03T18:54:23.301+0000] {processor.py:840} INFO - DAG(s) 'daily_remotive_ingest' retrieved from /opt/airflow/dags/daily_remotive_ingest.py
[2025-04-03T18:54:23.331+0000] {logging_mixin.py:188} INFO - [2025-04-03T18:54:23.331+0000] {dag.py:3033} INFO - Sync 1 DAGs
[2025-04-03T18:54:23.353+0000] {logging_mixin.py:188} INFO - [2025-04-03T18:54:23.353+0000] {dag.py:3820} INFO - Setting next_dagrun for daily_remotive_ingest to 2025-04-03T09:00:00+00:00, run_after=2025-04-04T09:00:00+00:00
[2025-04-03T18:54:23.371+0000] {processor.py:183} INFO - Processing /opt/airflow/dags/daily_remotive_ingest.py took 0.125 seconds
[2025-04-03T18:54:54.034+0000] {processor.py:161} INFO - Started process (PID=1508) to work on /opt/airflow/dags/daily_remotive_ingest.py
[2025-04-03T18:54:54.036+0000] {processor.py:830} INFO - Processing file /opt/airflow/dags/daily_remotive_ingest.py for tasks to queue
[2025-04-03T18:54:54.042+0000] {logging_mixin.py:188} INFO - [2025-04-03T18:54:54.041+0000] {dagbag.py:538} INFO - Filling up the DagBag from /opt/airflow/dags/daily_remotive_ingest.py
[2025-04-03T18:54:54.077+0000] {processor.py:840} INFO - DAG(s) 'daily_remotive_ingest' retrieved from /opt/airflow/dags/daily_remotive_ingest.py
[2025-04-03T18:54:54.122+0000] {logging_mixin.py:188} INFO - [2025-04-03T18:54:54.122+0000] {dag.py:3033} INFO - Sync 1 DAGs
[2025-04-03T18:54:54.153+0000] {logging_mixin.py:188} INFO - [2025-04-03T18:54:54.153+0000] {dag.py:3820} INFO - Setting next_dagrun for daily_remotive_ingest to 2025-04-03T09:00:00+00:00, run_after=2025-04-04T09:00:00+00:00
[2025-04-03T18:54:54.182+0000] {processor.py:183} INFO - Processing /opt/airflow/dags/daily_remotive_ingest.py took 0.173 seconds
[2025-04-03T18:55:24.669+0000] {processor.py:161} INFO - Started process (PID=1564) to work on /opt/airflow/dags/daily_remotive_ingest.py
[2025-04-03T18:55:24.672+0000] {processor.py:830} INFO - Processing file /opt/airflow/dags/daily_remotive_ingest.py for tasks to queue
[2025-04-03T18:55:24.684+0000] {logging_mixin.py:188} INFO - [2025-04-03T18:55:24.684+0000] {dagbag.py:538} INFO - Filling up the DagBag from /opt/airflow/dags/daily_remotive_ingest.py
[2025-04-03T18:55:24.700+0000] {processor.py:840} INFO - DAG(s) 'daily_remotive_ingest' retrieved from /opt/airflow/dags/daily_remotive_ingest.py
[2025-04-03T18:55:24.744+0000] {logging_mixin.py:188} INFO - [2025-04-03T18:55:24.744+0000] {dag.py:3033} INFO - Sync 1 DAGs
[2025-04-03T18:55:24.765+0000] {logging_mixin.py:188} INFO - [2025-04-03T18:55:24.765+0000] {dag.py:3820} INFO - Setting next_dagrun for daily_remotive_ingest to 2025-04-03T09:00:00+00:00, run_after=2025-04-04T09:00:00+00:00
[2025-04-03T18:55:24.781+0000] {processor.py:183} INFO - Processing /opt/airflow/dags/daily_remotive_ingest.py took 0.125 seconds
[2025-04-03T18:55:55.108+0000] {processor.py:161} INFO - Started process (PID=1620) to work on /opt/airflow/dags/daily_remotive_ingest.py
[2025-04-03T18:55:55.111+0000] {processor.py:830} INFO - Processing file /opt/airflow/dags/daily_remotive_ingest.py for tasks to queue
[2025-04-03T18:55:55.120+0000] {logging_mixin.py:188} INFO - [2025-04-03T18:55:55.120+0000] {dagbag.py:538} INFO - Filling up the DagBag from /opt/airflow/dags/daily_remotive_ingest.py
[2025-04-03T18:55:55.137+0000] {processor.py:840} INFO - DAG(s) 'daily_remotive_ingest' retrieved from /opt/airflow/dags/daily_remotive_ingest.py
[2025-04-03T18:55:55.168+0000] {logging_mixin.py:188} INFO - [2025-04-03T18:55:55.168+0000] {dag.py:3033} INFO - Sync 1 DAGs
[2025-04-03T18:55:55.186+0000] {logging_mixin.py:188} INFO - [2025-04-03T18:55:55.186+0000] {dag.py:3820} INFO - Setting next_dagrun for daily_remotive_ingest to 2025-04-03T09:00:00+00:00, run_after=2025-04-04T09:00:00+00:00
[2025-04-03T18:55:55.357+0000] {processor.py:183} INFO - Processing /opt/airflow/dags/daily_remotive_ingest.py took 0.267 seconds
[2025-04-03T18:56:25.874+0000] {processor.py:161} INFO - Started process (PID=1676) to work on /opt/airflow/dags/daily_remotive_ingest.py
[2025-04-03T18:56:25.878+0000] {processor.py:830} INFO - Processing file /opt/airflow/dags/daily_remotive_ingest.py for tasks to queue
[2025-04-03T18:56:25.882+0000] {logging_mixin.py:188} INFO - [2025-04-03T18:56:25.882+0000] {dagbag.py:538} INFO - Filling up the DagBag from /opt/airflow/dags/daily_remotive_ingest.py
[2025-04-03T18:56:25.896+0000] {processor.py:840} INFO - DAG(s) 'daily_remotive_ingest' retrieved from /opt/airflow/dags/daily_remotive_ingest.py
[2025-04-03T18:56:25.929+0000] {logging_mixin.py:188} INFO - [2025-04-03T18:56:25.929+0000] {dag.py:3033} INFO - Sync 1 DAGs
[2025-04-03T18:56:25.944+0000] {logging_mixin.py:188} INFO - [2025-04-03T18:56:25.944+0000] {dag.py:3820} INFO - Setting next_dagrun for daily_remotive_ingest to 2025-04-03T09:00:00+00:00, run_after=2025-04-04T09:00:00+00:00
[2025-04-03T18:56:25.959+0000] {processor.py:183} INFO - Processing /opt/airflow/dags/daily_remotive_ingest.py took 0.094 seconds
[2025-04-03T18:56:56.803+0000] {processor.py:161} INFO - Started process (PID=1732) to work on /opt/airflow/dags/daily_remotive_ingest.py
[2025-04-03T18:56:56.805+0000] {processor.py:830} INFO - Processing file /opt/airflow/dags/daily_remotive_ingest.py for tasks to queue
[2025-04-03T18:56:56.813+0000] {logging_mixin.py:188} INFO - [2025-04-03T18:56:56.810+0000] {dagbag.py:538} INFO - Filling up the DagBag from /opt/airflow/dags/daily_remotive_ingest.py
[2025-04-03T18:56:56.838+0000] {processor.py:840} INFO - DAG(s) 'daily_remotive_ingest' retrieved from /opt/airflow/dags/daily_remotive_ingest.py
[2025-04-03T18:56:56.855+0000] {logging_mixin.py:188} INFO - [2025-04-03T18:56:56.855+0000] {dag.py:3033} INFO - Sync 1 DAGs
[2025-04-03T18:56:56.875+0000] {logging_mixin.py:188} INFO - [2025-04-03T18:56:56.875+0000] {dag.py:3820} INFO - Setting next_dagrun for daily_remotive_ingest to 2025-04-03T09:00:00+00:00, run_after=2025-04-04T09:00:00+00:00
[2025-04-03T18:56:56.897+0000] {processor.py:183} INFO - Processing /opt/airflow/dags/daily_remotive_ingest.py took 0.101 seconds
[2025-04-03T18:57:26.973+0000] {processor.py:161} INFO - Started process (PID=1788) to work on /opt/airflow/dags/daily_remotive_ingest.py
[2025-04-03T18:57:26.977+0000] {processor.py:830} INFO - Processing file /opt/airflow/dags/daily_remotive_ingest.py for tasks to queue
[2025-04-03T18:57:26.983+0000] {logging_mixin.py:188} INFO - [2025-04-03T18:57:26.982+0000] {dagbag.py:538} INFO - Filling up the DagBag from /opt/airflow/dags/daily_remotive_ingest.py
[2025-04-03T18:57:27.006+0000] {processor.py:840} INFO - DAG(s) 'daily_remotive_ingest' retrieved from /opt/airflow/dags/daily_remotive_ingest.py
[2025-04-03T18:57:27.071+0000] {logging_mixin.py:188} INFO - [2025-04-03T18:57:27.071+0000] {dag.py:3033} INFO - Sync 1 DAGs
[2025-04-03T18:57:27.096+0000] {logging_mixin.py:188} INFO - [2025-04-03T18:57:27.096+0000] {dag.py:3820} INFO - Setting next_dagrun for daily_remotive_ingest to 2025-04-03T09:00:00+00:00, run_after=2025-04-04T09:00:00+00:00
[2025-04-03T18:57:27.112+0000] {processor.py:183} INFO - Processing /opt/airflow/dags/daily_remotive_ingest.py took 0.149 seconds
[2025-04-03T18:57:57.712+0000] {processor.py:161} INFO - Started process (PID=1844) to work on /opt/airflow/dags/daily_remotive_ingest.py
